[2025-10-09 16:50:54] INFO: 🟢  Session created: 6bdca00a-5d43-4ea9-b39a-2b21966b1e70
[2025-10-09 16:50:54] INFO: Receive request from downstream: {
  "appId": 60163222354,
  "serviceType": "CREATE_SALES_ORDER",
  "shop": "AFM-IT-API-TEST",
  "onlineOrderNumber": "20250904111913",
  "paymentMethod": "COD",
  "codPayAmount": 666,
  "payTime": "2025-09-04T13:46:01",
  "skuList": [
    {
      "sku": "HENG-ITEM-1",
      "payAmount": 5,
      "paymentPrice": 15,
      "quantity": 36
    }
  ],
  "receiverName": "Ezzah",
  "receiverCountry": "MY",
  "receiverProvince": "SELANGOR",
  "receiverPhone": "0101010",
  "receiverCity": "PETALING JAYA",
  "receiverPostcode": "47800",
  "receiverAddress": "My House 01",
  "timestamp": "2025-09-04T13:46:01"
}
[2025-10-09 16:50:54] INFO: Request to BEST ERP: {
  "appId": "60163222354",
  "serviceType": "CREATE_SALES_ORDER",
  "sign": "e6e889fce01aa4c268bbcf7ef526652d",
  "bizParam": {
    "shop": "AFM-IT-API-TEST",
    "buyer": {
      "city": "PETALING JAYA",
      "phone": "0101010",
      "country": "MY",
      "address1": "My House 01",
      "district": "",
      "postcode": "47800",
      "province": "SELANGOR",
      "receiverName": "Ezzah"
    },
    "payTime": "2025-09-04T13:46:01",
    "skuList": [
      {
        "sku": "HENG-ITEM-1",
        "quantity": 36,
        "payamount": "5.00",
        "paymentprice": "15.00"
      }
    ],
    "currency": "MYR",
    "codPayAmount": "666.00",
    "paymentMethod": "COD",
    "onlineOrderNumber": "20250904111913"
  },
  "timestamp": "1759999851814",
  "appSecret": "9ced6df12e6ebcba54b2877677640165"
}
[2025-10-09 16:50:54] INFO: Response from BEST ERP: {
  "state": "success",
  "errorCode": "",
  "errorMsg": "",
  "bizContent": "{\"errorCode\":\"order.id.exist\",\"errorMsg\":\"订单号已存在\",\"notSuccess\":true,\"state\":\"failure\"}",
  "requestId": null
}
[2025-10-09 16:50:54] INFO: Return response to downstream: {"state":"failure","responsecode":"1","response_date":"2025-10-09 16:50:54"}
[2025-10-09 16:50:54] INFO: 🧹Session destroyed: 6bdca00a-5d43-4ea9-b39a-2b21966b1e70
